[22-Nov-2020 19:16:39] NOTICE: [pool www] 'user' directive is ignored when FPM is not running as root
[22-Nov-2020 19:16:39] NOTICE: [pool www] 'group' directive is ignored when FPM is not running as root
[22-Nov-2020 19:16:39] NOTICE: fpm is running, pid 1
[22-Nov-2020 19:16:39] NOTICE: ready to handle connections
[22-Nov-2020 19:16:41] NOTICE: Finishing ...
[22-Nov-2020 19:16:41] NOTICE: exiting, bye-bye!
[22-Nov-2020 19:16:43] NOTICE: [pool www] 'user' directive is ignored when FPM is not running as root
[22-Nov-2020 19:16:43] NOTICE: [pool www] 'group' directive is ignored when FPM is not running as root
[22-Nov-2020 19:16:43] NOTICE: fpm is running, pid 1
[22-Nov-2020 19:16:43] NOTICE: ready to handle connections
[22-Nov-2020 19:17:55] NOTICE: Finishing ...
[22-Nov-2020 19:17:55] NOTICE: exiting, bye-bye!
[22-Nov-2020 19:17:56] NOTICE: [pool www] 'user' directive is ignored when FPM is not running as root
[22-Nov-2020 19:17:56] NOTICE: [pool www] 'group' directive is ignored when FPM is not running as root
[22-Nov-2020 19:17:56] NOTICE: fpm is running, pid 1
[22-Nov-2020 19:17:56] NOTICE: ready to handle connections
[23-Nov-2020 21:17:09] NOTICE: Finishing ...
[23-Nov-2020 21:17:09] NOTICE: exiting, bye-bye!
[23-Nov-2020 21:17:47] NOTICE: [pool www] 'user' directive is ignored when FPM is not running as root
[23-Nov-2020 21:17:47] NOTICE: [pool www] 'group' directive is ignored when FPM is not running as root
[23-Nov-2020 21:17:47] NOTICE: fpm is running, pid 1
[23-Nov-2020 21:17:47] NOTICE: ready to handle connections
[29-Nov-2020 04:01:02] NOTICE: Finishing ...
[29-Nov-2020 04:01:02] NOTICE: exiting, bye-bye!
[29-Nov-2020 04:01:47] NOTICE: [pool www] 'user' directive is ignored when FPM is not running as root
[29-Nov-2020 04:01:47] NOTICE: [pool www] 'group' directive is ignored when FPM is not running as root
[29-Nov-2020 04:01:47] NOTICE: fpm is running, pid 1
[29-Nov-2020 04:01:47] NOTICE: ready to handle connections
[06-Dec-2020 04:01:02] NOTICE: Finishing ...
[06-Dec-2020 04:01:02] NOTICE: exiting, bye-bye!
[06-Dec-2020 04:02:06] NOTICE: [pool www] 'user' directive is ignored when FPM is not running as root
[06-Dec-2020 04:02:06] NOTICE: [pool www] 'group' directive is ignored when FPM is not running as root
[06-Dec-2020 04:02:06] NOTICE: fpm is running, pid 1
[06-Dec-2020 04:02:06] NOTICE: ready to handle connections
[13-Dec-2020 04:01:03] NOTICE: Finishing ...
[13-Dec-2020 04:01:03] NOTICE: exiting, bye-bye!
[13-Dec-2020 04:01:44] NOTICE: [pool www] 'user' directive is ignored when FPM is not running as root
[13-Dec-2020 04:01:44] NOTICE: [pool www] 'group' directive is ignored when FPM is not running as root
[13-Dec-2020 04:01:44] NOTICE: fpm is running, pid 1
[13-Dec-2020 04:01:44] NOTICE: ready to handle connections
[20-Dec-2020 04:01:02] NOTICE: Finishing ...
[20-Dec-2020 04:01:02] NOTICE: exiting, bye-bye!
[20-Dec-2020 04:01:39] NOTICE: [pool www] 'user' directive is ignored when FPM is not running as root
[20-Dec-2020 04:01:39] NOTICE: [pool www] 'group' directive is ignored when FPM is not running as root
[20-Dec-2020 04:01:39] NOTICE: fpm is running, pid 1
[20-Dec-2020 04:01:39] NOTICE: ready to handle connections
[27-Dec-2020 04:01:03] NOTICE: Finishing ...
[27-Dec-2020 04:01:03] NOTICE: exiting, bye-bye!
[27-Dec-2020 04:02:02] NOTICE: [pool www] 'user' directive is ignored when FPM is not running as root
[27-Dec-2020 04:02:02] NOTICE: [pool www] 'group' directive is ignored when FPM is not running as root
[27-Dec-2020 04:02:02] NOTICE: fpm is running, pid 1
[27-Dec-2020 04:02:02] NOTICE: ready to handle connections
[03-Jan-2021 04:01:02] NOTICE: Finishing ...
[03-Jan-2021 04:01:02] NOTICE: exiting, bye-bye!
[03-Jan-2021 04:01:57] NOTICE: [pool www] 'user' directive is ignored when FPM is not running as root
[03-Jan-2021 04:01:57] NOTICE: [pool www] 'group' directive is ignored when FPM is not running as root
[03-Jan-2021 04:01:57] NOTICE: fpm is running, pid 1
[03-Jan-2021 04:01:57] NOTICE: ready to handle connections
[10-Jan-2021 04:01:02] NOTICE: Finishing ...
[10-Jan-2021 04:01:02] NOTICE: exiting, bye-bye!
[10-Jan-2021 04:02:14] NOTICE: [pool www] 'user' directive is ignored when FPM is not running as root
[10-Jan-2021 04:02:14] NOTICE: [pool www] 'group' directive is ignored when FPM is not running as root
[10-Jan-2021 04:02:14] NOTICE: fpm is running, pid 1
[10-Jan-2021 04:02:14] NOTICE: ready to handle connections
[17-Jan-2021 04:01:02] NOTICE: Finishing ...
[17-Jan-2021 04:01:02] NOTICE: exiting, bye-bye!
[17-Jan-2021 04:01:50] NOTICE: [pool www] 'user' directive is ignored when FPM is not running as root
[17-Jan-2021 04:01:50] NOTICE: [pool www] 'group' directive is ignored when FPM is not running as root
[17-Jan-2021 04:01:50] NOTICE: fpm is running, pid 1
[17-Jan-2021 04:01:50] NOTICE: ready to handle connections
[24-Jan-2021 04:01:02] NOTICE: Finishing ...
[24-Jan-2021 04:01:02] NOTICE: exiting, bye-bye!
[24-Jan-2021 04:02:05] NOTICE: [pool www] 'user' directive is ignored when FPM is not running as root
[24-Jan-2021 04:02:05] NOTICE: [pool www] 'group' directive is ignored when FPM is not running as root
[24-Jan-2021 04:02:05] NOTICE: fpm is running, pid 1
[24-Jan-2021 04:02:05] NOTICE: ready to handle connections
[31-Jan-2021 04:01:03] NOTICE: Finishing ...
[31-Jan-2021 04:01:03] NOTICE: exiting, bye-bye!
[31-Jan-2021 04:02:34] NOTICE: [pool www] 'user' directive is ignored when FPM is not running as root
[31-Jan-2021 04:02:34] NOTICE: [pool www] 'group' directive is ignored when FPM is not running as root
[31-Jan-2021 04:02:34] NOTICE: fpm is running, pid 1
[31-Jan-2021 04:02:34] NOTICE: ready to handle connections
[07-Feb-2021 04:01:02] NOTICE: Finishing ...
[07-Feb-2021 04:01:02] NOTICE: exiting, bye-bye!
[07-Feb-2021 04:02:01] NOTICE: [pool www] 'user' directive is ignored when FPM is not running as root
[07-Feb-2021 04:02:01] NOTICE: [pool www] 'group' directive is ignored when FPM is not running as root
[07-Feb-2021 04:02:01] NOTICE: fpm is running, pid 1
[07-Feb-2021 04:02:01] NOTICE: ready to handle connections
[14-Feb-2021 04:01:03] NOTICE: Finishing ...
[14-Feb-2021 04:01:03] NOTICE: exiting, bye-bye!
[14-Feb-2021 04:02:07] NOTICE: [pool www] 'user' directive is ignored when FPM is not running as root
[14-Feb-2021 04:02:07] NOTICE: [pool www] 'group' directive is ignored when FPM is not running as root
[14-Feb-2021 04:02:07] NOTICE: fpm is running, pid 1
[14-Feb-2021 04:02:07] NOTICE: ready to handle connections
[21-Feb-2021 04:01:02] NOTICE: Finishing ...
[21-Feb-2021 04:01:02] NOTICE: exiting, bye-bye!
[21-Feb-2021 04:02:13] NOTICE: [pool www] 'user' directive is ignored when FPM is not running as root
[21-Feb-2021 04:02:13] NOTICE: [pool www] 'group' directive is ignored when FPM is not running as root
[21-Feb-2021 04:02:13] NOTICE: fpm is running, pid 1
[21-Feb-2021 04:02:13] NOTICE: ready to handle connections
[28-Feb-2021 04:01:03] NOTICE: Finishing ...
[28-Feb-2021 04:01:03] NOTICE: exiting, bye-bye!
[28-Feb-2021 04:01:53] NOTICE: [pool www] 'user' directive is ignored when FPM is not running as root
[28-Feb-2021 04:01:53] NOTICE: [pool www] 'group' directive is ignored when FPM is not running as root
[28-Feb-2021 04:01:53] NOTICE: fpm is running, pid 1
[28-Feb-2021 04:01:53] NOTICE: ready to handle connections
[03-Mar-2021 20:45:56] WARNING: [pool www] child 14 said into stderr: "NOTICE: PHP message: PHP Fatal error:  Uncaught Dotenv\Exception\ValidationException: One or more environment variables failed assertions: CLIENT_ID is missing, ISSUER is missing. in /var/www/htdocs/vendor/vlucas/phpdotenv/src/Validator.php:185"
[03-Mar-2021 20:45:56] WARNING: [pool www] child 14 said into stderr: "Stack trace:"
[03-Mar-2021 20:45:56] WARNING: [pool www] child 14 said into stderr: "#0 /var/www/htdocs/vendor/vlucas/phpdotenv/src/Validator.php(46): Dotenv\Validator->assertCallback(Object(Closure), 'is missing')"
[03-Mar-2021 20:45:56] WARNING: [pool www] child 14 said into stderr: "#1 /var/www/htdocs/vendor/vlucas/phpdotenv/src/Dotenv.php(186): Dotenv\Validator->__construct(Object(Dotenv\Repository\AdapterRepository), Array)"
[03-Mar-2021 20:45:56] WARNING: [pool www] child 14 said into stderr: "#2 /var/www/htdocs/index.php(16): Dotenv\Dotenv->required(Array)"
[03-Mar-2021 20:45:56] WARNING: [pool www] child 14 said into stderr: "#3 {main}"
[03-Mar-2021 20:45:56] WARNING: [pool www] child 14 said into stderr: "  thrown in /var/www/htdocs/vendor/vlucas/phpdotenv/src/Validator.php on line 185"
[03-Mar-2021 20:46:02] WARNING: [pool www] child 14 said into stderr: "NOTICE: PHP message: PHP Fatal error:  Uncaught Dotenv\Exception\ValidationException: One or more environment variables failed assertions: CLIENT_ID is missing, ISSUER is missing. in /var/www/htdocs/vendor/vlucas/phpdotenv/src/Validator.php:185"
[03-Mar-2021 20:46:02] WARNING: [pool www] child 14 said into stderr: "Stack trace:"
[03-Mar-2021 20:46:02] WARNING: [pool www] child 14 said into stderr: "#0 /var/www/htdocs/vendor/vlucas/phpdotenv/src/Validator.php(46): Dotenv\Validator->assertCallback(Object(Closure), 'is missing')"
[03-Mar-2021 20:46:02] WARNING: [pool www] child 14 said into stderr: "#1 /var/www/htdocs/vendor/vlucas/phpdotenv/src/Dotenv.php(186): Dotenv\Validator->__construct(Object(Dotenv\Repository\AdapterRepository), Array)"
[03-Mar-2021 20:46:02] WARNING: [pool www] child 14 said into stderr: "#2 /var/www/htdocs/index.php(16): Dotenv\Dotenv->required(Array)"
[03-Mar-2021 20:46:02] WARNING: [pool www] child 14 said into stderr: "#3 {main}"
[03-Mar-2021 20:46:02] WARNING: [pool www] child 14 said into stderr: "  thrown in /var/www/htdocs/vendor/vlucas/phpdotenv/src/Validator.php on line 185"
[03-Mar-2021 20:46:39] WARNING: [pool www] child 15 said into stderr: "NOTICE: PHP message: PHP Fatal error:  Uncaught mysqli_sql_exception: Access denied for user 'api.galexia.agency-PBuG1G'@'%' to database 'api.galexia.agency' in /var/www/htdocs/index.php:31"
[03-Mar-2021 20:46:39] WARNING: [pool www] child 15 said into stderr: "Stack trace:"
[03-Mar-2021 20:46:39] WARNING: [pool www] child 15 said into stderr: "#0 /var/www/htdocs/index.php(31): mysqli->__construct('db', 'api.galexia.age...', 'O2oVOMKCJOSJ', 'api.galexia.age...')"
[03-Mar-2021 20:46:39] WARNING: [pool www] child 15 said into stderr: "#1 {main}"
[03-Mar-2021 20:46:39] WARNING: [pool www] child 15 said into stderr: "  thrown in /var/www/htdocs/index.php on line 31"
[03-Mar-2021 20:46:40] WARNING: [pool www] child 15 said into stderr: "NOTICE: PHP message: PHP Fatal error:  Uncaught mysqli_sql_exception: Access denied for user 'api.galexia.agency-PBuG1G'@'%' to database 'api.galexia.agency' in /var/www/htdocs/index.php:31"
[03-Mar-2021 20:46:40] WARNING: [pool www] child 15 said into stderr: "Stack trace:"
[03-Mar-2021 20:46:40] WARNING: [pool www] child 15 said into stderr: "#0 /var/www/htdocs/index.php(31): mysqli->__construct('db', 'api.galexia.age...', 'O2oVOMKCJOSJ', 'api.galexia.age...')"
[03-Mar-2021 20:46:40] WARNING: [pool www] child 15 said into stderr: "#1 {main}"
[03-Mar-2021 20:46:40] WARNING: [pool www] child 15 said into stderr: "  thrown in /var/www/htdocs/index.php on line 31"
